2016-01-09 10:19:06,971 : INFO : Script is Gestart
2016-01-09 10:19:06,987 : INFO : POST http://localhost:8008
2016-01-09 10:19:08,255 : INFO : Het OS is opgevraagd door
2016-01-09 10:19:08,255 : INFO : stopt script
2016-01-09 10:22:54,364 : INFO : Script is Gestart
2016-01-09 10:22:54,378 : INFO : POST http://localhost:8008
2016-01-09 10:22:55,417 : INFO : POST http://localhost:8008
2016-01-09 10:22:56,706 : INFO : De Ingelogde User is aangevraagd
2016-01-09 10:22:56,706 : INFO : stopt script
2016-01-09 10:24:51,819 : INFO : Script is Gestart
2016-01-09 10:24:51,819 : INFO : POST http://localhost:8008
2016-01-09 10:24:53,907 : INFO : Er Kon door de gebruiker geen verbinding worden gemaakt
2016-01-09 10:26:31,316 : INFO : Script is Gestart
2016-01-09 10:26:31,316 : INFO : POST http://localhost:8008
2016-01-09 10:26:33,394 : INFO : Er Kon door de gebruiker geen verbinding worden gemaakt
2016-01-09 10:26:45,049 : INFO : Script is Gestart
2016-01-09 10:26:45,049 : INFO : POST http://localhost:8008
2016-01-09 10:26:46,111 : INFO : POST http://localhost:8008
2016-01-09 10:26:47,443 : INFO : De Ingelogde User is aangevraagd
2016-01-09 10:26:47,443 : INFO : stopt script
2016-01-09 10:27:34,957 : INFO : Script is Gestart
2016-01-09 10:27:34,957 : INFO : POST http://localhost:8008
2016-01-09 10:27:35,997 : INFO : POST http://localhost:8008
2016-01-09 10:27:37,322 : INFO : POST http://localhost:8008
2016-01-09 10:27:38,582 : INFO : De Ingelogde User is aangevraagd
2016-01-09 10:27:38,582 : INFO : stopt script
2016-01-09 10:28:00,489 : INFO : Script is Gestart
2016-01-09 10:28:00,489 : INFO : POST http://localhost:8008
2016-01-09 10:28:01,551 : INFO : POST http://localhost:8008
2016-01-09 10:28:02,815 : INFO : POST http://localhost:8008
2016-01-09 10:28:04,082 : INFO : Het OS is opgevraagd door %r2
2016-01-09 10:28:04,082 : INFO : stopt script
2016-01-09 10:28:47,381 : INFO : Script is Gestart
2016-01-09 10:28:47,381 : INFO : POST http://localhost:8008
2016-01-09 10:28:48,421 : INFO : POST http://localhost:8008
2016-01-09 10:28:49,678 : INFO : POST http://localhost:8008
2016-01-09 10:28:50,960 : INFO : Het OS is opgevraagd door 'Administrator\n'2
2016-01-09 10:28:50,960 : INFO : stopt script
2016-01-09 10:30:19,176 : INFO : Script is Gestart
2016-01-09 10:30:19,176 : INFO : POST http://localhost:8008
2016-01-09 10:30:20,237 : INFO : POST http://localhost:8008
2016-01-09 10:30:21,522 : INFO : POST http://localhost:8008
2016-01-09 10:30:22,832 : INFO : stopt script
2016-01-09 10:30:44,630 : INFO : Script is Gestart
2016-01-09 10:30:44,647 : INFO : POST http://localhost:8008
2016-01-09 10:30:45,677 : INFO : POST http://localhost:8008
2016-01-09 10:30:46,976 : INFO : POST http://localhost:8008
2016-01-09 10:30:48,239 : INFO : De Ingelogde User is aangevraagd
2016-01-09 10:30:48,239 : INFO : stopt script
2016-01-09 10:30:52,088 : INFO : Script is Gestart
2016-01-09 10:30:52,088 : INFO : POST http://localhost:8008
2016-01-09 10:30:53,144 : INFO : POST http://localhost:8008
2016-01-09 10:30:54,443 : INFO : POST http://localhost:8008
2016-01-09 10:30:55,822 : INFO : Het OS is opgevraagd door 'Administrator\n'2
2016-01-09 10:30:55,822 : INFO : stopt script
2016-01-09 10:34:12,085 : INFO : Script is Gestart
2016-01-09 10:34:12,085 : INFO : POST http://localhost:8008
2016-01-09 10:34:13,115 : INFO : POST http://localhost:8008
2016-01-09 10:34:14,441 : INFO : POST http://localhost:8008
2016-01-09 10:34:15,729 : INFO : Het OS is opgevraagd door 'Administrator\n'2
2016-01-09 10:34:15,729 : INFO : stopt script
2016-01-09 10:34:20,426 : INFO : Script is Gestart
2016-01-09 10:34:20,426 : INFO : POST http://localhost:8008
2016-01-09 10:34:21,480 : INFO : POST http://localhost:8008
2016-01-09 10:34:22,793 : INFO : POST http://localhost:8008
2016-01-09 10:34:24,091 : INFO : De Ingelogde User is aangevraagd
2016-01-09 10:34:24,091 : INFO : stopt script
2016-01-09 10:36:01,411 : INFO : Script is Gestart
2016-01-09 10:36:01,411 : INFO : POST http://localhost:8008
2016-01-09 10:36:02,461 : INFO : POST http://localhost:8008
2016-01-09 10:36:03,746 : INFO : POST http://localhost:8008
2016-01-09 10:36:05,022 : INFO : Het OS is opgevraagd door 'Administrator\n'2
2016-01-09 10:36:05,022 : INFO : stopt script
2016-01-09 10:45:37,849 : INFO : Script is Gestart
2016-01-09 10:45:37,849 : INFO : POST http://localhost:8008
2016-01-09 10:45:38,914 : INFO : POST http://localhost:8008
2016-01-09 10:45:40,194 : INFO : POST http://localhost:8008
2016-01-09 10:45:41,437 : INFO : Het OS is opgevraagd door 'Administrator\n'2
2016-01-09 10:45:41,437 : INFO : Aanvraag uitgevoerd
2016-01-09 10:46:02,006 : INFO : Script is Gestart
2016-01-09 10:46:02,006 : INFO : POST http://localhost:8008
2016-01-09 10:46:03,052 : INFO : POST http://localhost:8008
2016-01-09 10:46:04,354 : INFO : POST http://localhost:8008
2016-01-09 10:46:05,668 : INFO : Aanvraag uitgevoerd
2016-01-09 10:46:22,634 : INFO : Script is Gestart
2016-01-09 10:46:22,650 : INFO : POST http://localhost:8008
2016-01-09 10:46:23,681 : INFO : POST http://localhost:8008
2016-01-09 10:46:24,934 : INFO : POST http://localhost:8008
2016-01-09 10:46:26,256 : INFO : De Ingelogde User is aangevraagd door %r2
2016-01-09 10:46:26,256 : INFO : Aanvraag uitgevoerd
2016-01-09 10:47:10,724 : INFO : Script is Gestart
2016-01-09 10:47:10,724 : INFO : POST http://localhost:8008
2016-01-09 10:47:11,779 : INFO : POST http://localhost:8008
2016-01-09 10:47:13,076 : INFO : POST http://localhost:8008
2016-01-09 10:47:14,404 : INFO : De Ingelogde User is aangevraagd door 'Administrator\n'2
2016-01-09 10:47:14,404 : INFO : Aanvraag uitgevoerd
2016-01-09 10:48:24,835 : INFO : Script is Gestart
2016-01-09 10:48:24,851 : INFO : POST http://localhost:8008
2016-01-09 10:48:25,901 : INFO : POST http://localhost:8008
2016-01-09 10:48:27,147 : INFO : POST http://localhost:8008
2016-01-09 10:48:28,569 : INFO : Het beschikbare RAM geheugen is opgevraagd
2016-01-09 10:48:28,569 : INFO : Aanvraag uitgevoerd
2016-01-09 10:48:31,263 : INFO : Script is Gestart
2016-01-09 10:48:31,263 : INFO : POST http://localhost:8008
2016-01-09 10:48:32,309 : INFO : POST http://localhost:8008
2016-01-09 10:48:33,601 : INFO : POST http://localhost:8008
2016-01-09 10:48:35,053 : INFO : De beschikbare Opslag is Opgevraagd door 'Administrator\n'2
2016-01-09 10:48:35,053 : INFO : Aanvraag uitgevoerd
2016-01-09 10:48:41,055 : INFO : Script is Gestart
2016-01-09 10:48:41,055 : INFO : POST http://localhost:8008
2016-01-09 10:48:42,101 : INFO : POST http://localhost:8008
2016-01-09 10:48:43,365 : INFO : POST http://localhost:8008
2016-01-09 10:48:44,819 : INFO : Ip Adres is aanggevraagd door 'Administrator\n'2
2016-01-09 10:48:44,819 : INFO : Aanvraag uitgevoerd
2016-01-09 10:48:51,615 : INFO : Script is Gestart
2016-01-09 10:48:51,615 : INFO : POST http://localhost:8008
2016-01-09 10:48:52,664 : INFO : POST http://localhost:8008
2016-01-09 10:48:53,994 : INFO : POST http://localhost:8008
2016-01-09 10:48:55,382 : INFO : Ip Adres is aanggevraagd door 'Administrator\n'2
2016-01-09 10:48:55,382 : INFO : Aanvraag uitgevoerd
2016-01-09 10:48:58,776 : INFO : Script is Gestart
2016-01-09 10:48:58,776 : INFO : POST http://localhost:8008
2016-01-09 10:48:59,812 : INFO : POST http://localhost:8008
2016-01-09 10:49:01,085 : INFO : POST http://localhost:8008
2016-01-09 10:49:02,542 : INFO : de Uptime is aangevraagd door 'Administrator\n'2
2016-01-09 10:49:02,542 : INFO : Aanvraag uitgevoerd
2016-01-09 10:49:54,944 : INFO : Script is Gestart
2016-01-09 10:49:54,944 : INFO : POST http://localhost:8008
2016-01-09 10:49:56,009 : INFO : POST http://localhost:8008
2016-01-09 10:49:57,351 : INFO : POST http://localhost:8008
2016-01-09 10:49:58,881 : INFO : de Uptime is aangevraagd door 'Administrator\n'2
2016-01-09 10:49:58,881 : INFO : Aanvraag uitgevoerd
2016-01-09 10:50:46,647 : INFO : Script is Gestart
2016-01-09 10:50:46,647 : INFO : POST http://localhost:8008
2016-01-09 10:50:47,683 : INFO : POST http://localhost:8008
2016-01-09 10:50:49,009 : INFO : POST http://localhost:8008
2016-01-09 10:50:50,335 : INFO : Ip Adres is aanggevraagd door 'Administrator\n'2
2016-01-09 10:50:50,335 : INFO : Aanvraag uitgevoerd
2016-01-09 10:56:47,992 : INFO : Script is Gestart
2016-01-09 10:56:47,992 : INFO : POST http://localhost:8008
2016-01-09 10:56:49,039 : INFO : POST http://localhost:8008
2016-01-09 10:56:50,351 : INFO : POST http://localhost:8008
2016-01-09 10:56:51,617 : INFO : Het OS is opgevraagd door 'Administrator\n'2
2016-01-09 10:56:51,617 : INFO : Aanvraag uitgevoerd
2016-01-09 10:57:19,096 : INFO : Script is Gestart
2016-01-09 10:57:19,105 : INFO : POST http://localhost:8008
2016-01-09 10:57:20,154 : INFO : POST http://localhost:8008
2016-01-09 10:57:21,477 : INFO : POST http://localhost:8008
2016-01-09 10:57:22,776 : INFO : De Ingelogde User is aangevraagd door 'Administrator\n'2
2016-01-09 10:57:22,776 : INFO : Aanvraag uitgevoerd
2016-01-10 04:20:40,438 : INFO : Script is Gestart
2016-01-10 04:20:40,450 : INFO : POST http://localhost:8008
2016-01-10 04:20:42,479 : INFO : Er Kon door de gebruiker geen verbinding worden gemaakt
2016-01-10 04:20:52,818 : INFO : Script is Gestart
2016-01-10 04:20:52,818 : INFO : POST http://localhost:8008
2016-01-10 04:20:53,880 : INFO : POST http://localhost:8008
2016-01-10 04:20:55,615 : INFO : POST http://localhost:8008
2016-01-10 04:20:56,864 : INFO : Het OS is opgevraagd door 'Administrator\n'2
2016-01-10 04:22:16,823 : INFO : Script is Gestart
2016-01-10 04:23:08,947 : INFO : Script is Gestart
2016-01-10 04:24:33,551 : INFO : Script is Gestart
2016-01-10 04:24:33,551 : INFO : POST http://localhost:8008
2016-01-10 04:24:34,604 : INFO : POST http://localhost:8008
2016-01-10 04:24:35,894 : INFO : POST http://localhost:8008
2016-01-10 04:24:37,214 : INFO : Het OS is opgevraagd door 'Administrator\n'2
2016-01-10 04:24:37,223 : INFO : Aanvraag uitgevoerd
2016-01-10 04:28:43,678 : INFO : Script is Gestart
2016-01-10 04:28:43,678 : INFO : POST http://localhost:8008
2016-01-10 04:28:44,740 : INFO : POST http://localhost:8008
2016-01-10 04:28:46,036 : INFO : POST http://localhost:8008
2016-01-10 04:28:47,318 : INFO : De Ingelogde User is aangevraagd door 'Administrator\n'2
2016-01-10 04:28:47,332 : INFO : Aanvraag uitgevoerd
2016-01-10 04:32:39,335 : INFO : Script is Gestart
2016-01-10 04:32:39,335 : INFO : POST http://localhost:8008
2016-01-10 04:32:40,371 : INFO : POST http://localhost:8008
2016-01-10 04:32:41,654 : INFO : POST http://localhost:8008
2016-01-10 04:32:43,664 : INFO : de Uptime is aangevraagd door 'Administrator\n'2
2016-01-10 04:32:43,664 : INFO : Aanvraag uitgevoerd
2016-01-10 04:32:46,257 : INFO : Script is Gestart
2016-01-10 04:32:46,257 : INFO : POST http://localhost:8008
2016-01-10 04:32:47,328 : INFO : POST http://localhost:8008
2016-01-10 04:32:48,608 : INFO : POST http://localhost:8008
2016-01-10 04:32:49,961 : INFO : Ip Adres is aanggevraagd door 'Administrator\n'2
2016-01-10 04:32:49,990 : INFO : Aanvraag uitgevoerd
2016-01-10 04:32:55,374 : INFO : Script is Gestart
2016-01-10 04:32:55,388 : INFO : POST http://localhost:8008
2016-01-10 04:32:56,441 : INFO : POST http://localhost:8008
2016-01-10 04:32:57,707 : INFO : POST http://localhost:8008
2016-01-10 04:32:59,161 : INFO : De beschikbare Opslag is Opgevraagd door 'Administrator\n'2
2016-01-10 04:32:59,178 : INFO : Aanvraag uitgevoerd
2016-01-10 04:45:05,210 : INFO : Script is Gestart
2016-01-10 04:45:05,210 : INFO : POST http://localhost:8008
2016-01-10 04:45:06,273 : INFO : POST http://localhost:8008
2016-01-10 04:45:07,615 : INFO : POST http://localhost:8008
2016-01-10 04:45:08,990 : INFO : Het OS is opgevraagd door 'Administrator\n'2
2016-01-10 04:45:08,990 : INFO : Aanvraag uitgevoerd
2016-01-10 04:45:12,421 : INFO : Script is Gestart
2016-01-10 04:45:12,421 : INFO : POST http://localhost:8008
2016-01-10 04:45:13,493 : INFO : POST http://localhost:8008
2016-01-10 04:45:14,786 : INFO : POST http://localhost:8008
2016-01-10 04:45:16,114 : INFO : Het OS is opgevraagd door 'Administrator\n'2
2016-01-10 04:45:16,117 : INFO : Aanvraag uitgevoerd
2016-01-10 04:45:22,151 : INFO : Script is Gestart
2016-01-10 04:45:22,151 : INFO : POST http://localhost:8008
2016-01-10 04:45:23,197 : INFO : POST http://localhost:8008
2016-01-10 04:45:24,586 : INFO : POST http://localhost:8008
2016-01-10 04:45:26,042 : INFO : Ip Adres is aanggevraagd door 'Administrator\n'2
2016-01-10 04:45:26,069 : INFO : Aanvraag uitgevoerd
2016-01-10 04:46:37,994 : INFO : Script is Gestart
2016-01-10 04:46:37,994 : INFO : POST http://localhost:8008
2016-01-10 04:46:39,045 : INFO : POST http://localhost:8008
2016-01-10 04:46:40,335 : INFO : POST http://localhost:8008
2016-01-10 04:46:41,726 : INFO : De beschikbare Opslag is Opgevraagd door 'Administrator\n'2
2016-01-10 04:46:41,726 : INFO : Aanvraag uitgevoerd
2016-01-10 04:46:55,253 : INFO : Script is Gestart
2016-01-10 04:46:55,253 : INFO : POST http://localhost:8008
2016-01-10 04:46:56,301 : INFO : POST http://localhost:8008
2016-01-10 04:46:57,605 : INFO : POST http://localhost:8008
2016-01-10 04:46:58,884 : INFO : De Ingelogde User is aangevraagd door 'Administrator\n'2
2016-01-10 04:46:58,884 : INFO : Aanvraag uitgevoerd
2016-01-10 04:49:01,226 : INFO : Script is Gestart
2016-01-10 04:49:01,226 : INFO : POST http://localhost:8008
2016-01-10 04:49:02,257 : INFO : POST http://localhost:8008
2016-01-10 04:49:03,538 : INFO : POST http://localhost:8008
2016-01-10 04:49:04,789 : INFO : Het OS is opgevraagd door 'Administrator\n'2
2016-01-10 04:49:04,789 : INFO : Aanvraag uitgevoerd
2016-01-10 05:41:30,013 : INFO : Script is Gestart
2016-01-10 05:41:30,013 : INFO : POST http://localhost:8008
2016-01-10 05:41:31,092 : INFO : POST http://localhost:8008
2016-01-10 05:41:32,404 : INFO : Aanvraag uitgevoerd
2016-01-10 05:41:43,217 : INFO : Script is Gestart
2016-01-10 05:41:43,217 : INFO : POST http://localhost:8008
2016-01-10 05:41:44,263 : INFO : POST http://localhost:8008
2016-01-10 05:41:45,529 : INFO : Aanvraag uitgevoerd
2016-01-10 05:41:56,483 : INFO : Script is Gestart
2016-01-10 05:41:56,483 : INFO : POST http://localhost:8008
2016-01-10 05:41:57,529 : INFO : POST http://localhost:8008
2016-01-10 05:41:58,779 : INFO : Aanvraag uitgevoerd
2016-01-10 05:43:26,826 : INFO : Script is Gestart
2016-01-10 05:43:26,826 : INFO : POST http://localhost:8008
2016-01-10 05:43:27,874 : INFO : POST http://localhost:8008
2016-01-10 05:43:29,138 : INFO : POST http://localhost:8008
2016-01-10 05:43:30,404 : INFO : De Ingelogde User is aangevraagd door 'Administrator\n'2
2016-01-10 05:43:30,420 : INFO : Aanvraag uitgevoerd
2016-01-10 06:35:30,621 : INFO : Script is Gestart
2016-01-10 06:35:30,621 : INFO : POST http://localhost:8008
2016-01-10 06:35:32,684 : INFO : Er Kon door de gebruiker geen verbinding worden gemaakt
2016-01-10 06:35:47,543 : INFO : Script is Gestart
2016-01-10 06:35:47,543 : INFO : POST http://localhost:8008
2016-01-10 06:35:48,589 : INFO : POST http://localhost:8008
2016-01-10 06:35:50,855 : INFO : POST http://localhost:8008
2016-01-10 06:35:52,121 : INFO : Het OS is opgevraagd door 'Administrator\n'2
2016-01-10 06:36:36,230 : INFO : Script is Gestart
2016-01-10 06:36:36,246 : INFO : POST http://localhost:8008
2016-01-10 06:36:37,278 : INFO : POST http://localhost:8008
2016-01-10 06:36:38,621 : INFO : POST http://localhost:8008
2016-01-10 06:36:39,918 : INFO : Het OS is opgevraagd door 'Administrator\n'2
2016-01-10 06:36:39,918 : INFO : Aanvraag uitgevoerd
2016-01-10 06:37:26,107 : INFO : Script is Gestart
2016-01-10 06:37:26,107 : INFO : POST http://localhost:8008
2016-01-10 06:37:27,168 : INFO : POST http://localhost:8008
2016-01-10 06:37:28,450 : INFO : POST http://localhost:8008
2016-01-10 06:37:29,716 : INFO : Het OS is opgevraagd door 'Administrator\n'2
2016-01-10 06:37:29,730 : INFO : Aanvraag uitgevoerd
2016-01-10 06:53:42,388 : INFO : Script is Gestart
2016-01-10 06:53:42,388 : INFO : POST http://localhost:8008
2016-01-10 06:53:43,466 : INFO : POST http://localhost:8008
2016-01-10 06:53:45,543 : INFO : POST http://localhost:8008
2016-01-10 06:53:46,793 : INFO : Het OS is opgevraagd door 'Administrator\n'2
2016-01-10 06:54:11,200 : INFO : Script is Gestart
2016-01-10 06:54:11,200 : INFO : POST http://localhost:8008
2016-01-10 06:54:12,247 : INFO : POST http://localhost:8008
2016-01-10 06:54:13,497 : INFO : POST http://localhost:8008
2016-01-10 06:54:14,732 : INFO : Het OS is opgevraagd door 'Administrator\n'2
2016-01-10 06:54:14,746 : INFO : Aanvraag uitgevoerd
2016-01-10 06:54:18,105 : INFO : Script is Gestart
2016-01-10 06:54:18,105 : INFO : POST http://localhost:8008
2016-01-10 06:54:19,153 : INFO : POST http://localhost:8008
2016-01-10 06:54:20,418 : INFO : POST http://localhost:8008
2016-01-10 06:54:21,184 : INFO : Script is Gestart
2016-01-10 06:54:21,184 : INFO : POST http://localhost:8008
2016-01-10 06:54:21,716 : INFO : De Ingelogde User is aangevraagd door 'Administrator\n'2
2016-01-10 06:54:21,716 : INFO : Aanvraag uitgevoerd
2016-01-10 06:54:22,232 : INFO : POST http://localhost:8008
2016-01-10 06:54:23,496 : INFO : POST http://localhost:8008
2016-01-10 06:54:24,746 : INFO : Het OS is opgevraagd door 'Administrator\n'2
2016-01-10 06:54:24,746 : INFO : Aanvraag uitgevoerd
2016-01-10 06:57:01,045 : INFO : Script is Gestart
2016-01-10 06:57:01,045 : INFO : POST http://localhost:8008
2016-01-10 06:57:02,091 : INFO : POST http://localhost:8008
2016-01-10 06:57:03,420 : INFO : POST http://localhost:8008
2016-01-10 06:57:04,700 : INFO : Het OS is opgevraagd door 'Administrator\n'2
2016-01-10 06:57:04,700 : INFO : Aanvraag uitgevoerd
2016-01-10 07:03:55,358 : INFO : Script is Gestart
2016-01-10 07:03:55,358 : INFO : POST http://localhost:8008
2016-01-10 07:03:56,390 : INFO : POST http://localhost:8008
2016-01-10 07:03:57,717 : INFO : POST http://localhost:8008
2016-01-10 07:03:58,967 : INFO : Het OS is opgevraagd door 'Administrator\n'2
2016-01-10 07:04:37,655 : INFO : Script is Gestart
2016-01-10 07:04:37,655 : INFO : POST http://localhost:8008
2016-01-10 07:04:38,686 : INFO : POST http://localhost:8008
2016-01-10 07:04:39,983 : INFO : POST http://localhost:8008
2016-01-10 07:04:41,265 : INFO : Het OS is opgevraagd door 'Administrator\n'2
2016-01-10 07:04:41,279 : INFO : Aanvraag uitgevoerd
2016-01-10 07:04:43,812 : INFO : Script is Gestart
2016-01-10 07:04:43,812 : INFO : POST http://localhost:8008
2016-01-10 07:04:44,872 : INFO : POST http://localhost:8008
2016-01-10 07:04:46,124 : INFO : POST http://localhost:8008
2016-01-10 07:04:47,374 : INFO : Het OS is opgevraagd door 'Administrator\n'2
2016-01-10 07:04:47,388 : INFO : Aanvraag uitgevoerd
2016-01-10 07:06:18,921 : INFO : Script is Gestart
2016-01-10 07:06:18,921 : INFO : POST http://localhost:8008
2016-01-10 07:06:19,967 : INFO : POST http://localhost:8008
2016-01-10 07:06:21,233 : INFO : POST http://localhost:8008
2016-01-10 07:06:22,499 : INFO : Het OS is opgevraagd door 'Administrator\n'2
2016-01-10 07:06:33,999 : INFO : Script is Gestart
2016-01-10 07:06:33,999 : INFO : POST http://localhost:8008
2016-01-10 07:06:35,061 : INFO : POST http://localhost:8008
2016-01-10 07:06:36,342 : INFO : POST http://localhost:8008
2016-01-10 07:06:37,592 : INFO : Het OS is opgevraagd door 'Administrator\n'2
2016-01-10 07:06:37,608 : INFO : Aanvraag uitgevoerd
2016-01-10 07:06:49,578 : INFO : Script is Gestart
2016-01-10 07:06:49,592 : INFO : POST http://localhost:8008
2016-01-10 07:06:50,624 : INFO : POST http://localhost:8008
2016-01-10 07:06:51,874 : INFO : POST http://localhost:8008
2016-01-10 07:06:53,154 : INFO : Het OS is opgevraagd door 'Administrator\n'2
2016-01-10 07:06:53,171 : INFO : Aanvraag uitgevoerd
2016-01-10 07:20:21,759 : INFO : Script is Gestart
2016-01-10 07:20:21,759 : INFO : POST http://localhost:8008
2016-01-10 07:20:22,821 : INFO : POST http://localhost:8008
2016-01-10 07:20:24,775 : INFO : POST http://localhost:8008
2016-01-10 07:20:26,165 : INFO : Het OS is opgevraagd door 'Administrator\n'2
2016-01-10 07:20:26,165 : INFO : Aanvraag uitgevoerd
2016-01-10 07:21:24,805 : INFO : Script is Gestart
2016-01-10 07:21:24,822 : INFO : POST http://localhost:8008
2016-01-10 07:21:25,854 : INFO : POST http://localhost:8008
2016-01-10 07:21:27,150 : INFO : POST http://localhost:8008
2016-01-10 07:21:28,477 : INFO : Het OS is opgevraagd door 'Administrator\n'2
2016-01-10 07:21:43,229 : INFO : Script is Gestart
2016-01-10 07:21:43,229 : INFO : POST http://localhost:8008
2016-01-10 07:21:44,275 : INFO : POST http://localhost:8008
2016-01-10 07:21:45,540 : INFO : POST http://localhost:8008
2016-01-10 07:21:46,822 : INFO : Het OS is opgevraagd door 'Administrator\n'2
2016-01-10 07:21:46,836 : INFO : Aanvraag uitgevoerd
2016-01-10 07:22:37,088 : INFO : Script is Gestart
2016-01-10 07:22:37,088 : INFO : POST http://localhost:8008
2016-01-10 07:22:38,118 : INFO : POST http://localhost:8008
2016-01-10 07:22:39,415 : INFO : POST http://localhost:8008
2016-01-10 07:22:40,665 : INFO : Het OS is opgevraagd door 'Administrator\n'2
2016-01-10 07:22:40,680 : INFO : Aanvraag uitgevoerd
2016-01-10 07:22:42,775 : INFO : Script is Gestart
2016-01-10 07:22:42,775 : INFO : POST http://localhost:8008
2016-01-10 07:22:43,822 : INFO : POST http://localhost:8008
2016-01-10 07:22:45,102 : INFO : POST http://localhost:8008
2016-01-10 07:22:46,368 : INFO : Het OS is opgevraagd door 'Administrator\n'2
2016-01-10 07:22:46,384 : INFO : Aanvraag uitgevoerd
2016-01-10 07:23:23,900 : INFO : Script is Gestart
2016-01-10 07:23:23,900 : INFO : POST http://localhost:8008
2016-01-10 07:23:24,931 : INFO : POST http://localhost:8008
2016-01-10 07:23:26,197 : INFO : POST http://localhost:8008
2016-01-10 07:23:27,477 : INFO : Het OS is opgevraagd door 'Administrator\n'2
2016-01-10 07:23:27,493 : INFO : Aanvraag uitgevoerd
2016-01-10 07:23:34,290 : INFO : Script is Gestart
2016-01-10 07:23:34,290 : INFO : POST http://localhost:8008
2016-01-10 07:23:35,338 : INFO : POST http://localhost:8008
2016-01-10 07:23:36,619 : INFO : POST http://localhost:8008
2016-01-10 07:23:37,901 : INFO : Het OS is opgevraagd door 'Administrator\n'2
2016-01-10 07:23:37,915 : INFO : Aanvraag uitgevoerd
2016-01-10 07:23:47,477 : INFO : Script is Gestart
2016-01-10 07:23:47,477 : INFO : POST http://localhost:8008
2016-01-10 07:23:48,525 : INFO : POST http://localhost:8008
2016-01-10 07:23:49,806 : INFO : POST http://localhost:8008
2016-01-10 07:23:51,072 : INFO : Het OS is opgevraagd door 'Administrator\n'2
2016-01-10 07:23:51,072 : INFO : Aanvraag uitgevoerd
2016-01-10 07:23:53,602 : INFO : Script is Gestart
2016-01-10 07:23:53,602 : INFO : POST http://localhost:8008
2016-01-10 07:23:54,651 : INFO : POST http://localhost:8008
2016-01-10 07:23:55,993 : INFO : POST http://localhost:8008
2016-01-10 07:23:57,259 : INFO : Het OS is opgevraagd door 'Administrator\n'2
2016-01-10 07:23:57,275 : INFO : Aanvraag uitgevoerd
2016-01-10 07:26:39,042 : INFO : Script is Gestart
2016-01-10 07:26:39,042 : INFO : POST http://localhost:8008
2016-01-10 07:26:40,104 : INFO : POST http://localhost:8008
2016-01-10 07:26:41,384 : INFO : POST http://localhost:8008
2016-01-10 07:26:42,651 : INFO : Het OS is opgevraagd door 'Administrator\n'2
2016-01-10 07:26:42,651 : INFO : Aanvraag uitgevoerd
2016-01-10 07:26:51,181 : INFO : Script is Gestart
2016-01-10 07:26:51,181 : INFO : POST http://localhost:8008
2016-01-10 07:26:52,229 : INFO : POST http://localhost:8008
2016-01-10 07:26:53,493 : INFO : POST http://localhost:8008
2016-01-10 07:26:54,806 : INFO : Het OS is opgevraagd door 'Administrator\n'2
2016-01-10 07:28:21,744 : INFO : Script is Gestart
2016-01-10 07:28:21,744 : INFO : POST http://localhost:8008
2016-01-10 07:28:22,806 : INFO : POST http://localhost:8008
2016-01-10 07:28:24,088 : INFO : POST http://localhost:8008
2016-01-10 07:28:25,369 : INFO : Het OS is opgevraagd door 'Administrator\n'2
2016-01-10 07:28:33,618 : INFO : Script is Gestart
2016-01-10 07:28:33,618 : INFO : POST http://localhost:8008
2016-01-10 07:28:34,667 : INFO : POST http://localhost:8008
2016-01-10 07:28:35,979 : INFO : POST http://localhost:8008
2016-01-10 07:28:37,276 : INFO : Het OS is opgevraagd door 'Administrator\n'2
2016-01-10 07:28:37,290 : INFO : Aanvraag uitgevoerd
2016-01-10 07:31:52,417 : INFO : Script is Gestart
2016-01-10 07:31:52,417 : INFO : POST http://localhost:8008
2016-01-10 07:31:53,463 : INFO : POST http://localhost:8008
2016-01-10 07:31:54,808 : INFO : POST http://localhost:8008
2016-01-10 07:31:56,088 : INFO : Het OS is opgevraagd door 'Administrator\n'2
2016-01-10 07:31:56,104 : INFO : Aanvraag uitgevoerd
2016-01-10 07:31:58,885 : INFO : Script is Gestart
2016-01-10 07:31:58,885 : INFO : POST http://localhost:8008
2016-01-10 07:31:59,917 : INFO : POST http://localhost:8008
2016-01-10 07:32:01,260 : INFO : POST http://localhost:8008
2016-01-10 07:32:02,496 : INFO : Het OS is opgevraagd door 'Administrator\n'2
2016-01-10 07:32:02,496 : INFO : Aanvraag uitgevoerd
2016-01-10 07:32:05,135 : INFO : Script is Gestart
2016-01-10 07:32:05,135 : INFO : POST http://localhost:8008
2016-01-10 07:32:06,167 : INFO : POST http://localhost:8008
2016-01-10 07:32:07,433 : INFO : POST http://localhost:8008
2016-01-10 07:32:08,776 : INFO : Het OS is opgevraagd door 'Administrator\n'2
2016-01-10 07:32:08,776 : INFO : Aanvraag uitgevoerd
2016-01-10 07:34:55,947 : INFO : Script is Gestart
2016-01-10 07:34:55,963 : INFO : POST http://localhost:8008
2016-01-10 07:34:56,994 : INFO : POST http://localhost:8008
2016-01-10 07:34:58,260 : INFO : POST http://localhost:8008
2016-01-10 07:35:00,292 : INFO : de Uptime is aangevraagd door 'Administrator\n'2
2016-01-10 07:35:00,308 : INFO : Aanvraag uitgevoerd
2016-01-10 07:35:04,183 : INFO : Script is Gestart
2016-01-10 07:35:04,183 : INFO : POST http://localhost:8008
2016-01-10 07:35:05,260 : INFO : POST http://localhost:8008
2016-01-10 07:35:06,542 : INFO : POST http://localhost:8008
2016-01-10 07:35:07,933 : INFO : Ip Adres is aanggevraagd door 'Administrator\n'2
2016-01-10 07:35:07,933 : INFO : Aanvraag uitgevoerd
2016-01-10 07:35:12,119 : INFO : Script is Gestart
2016-01-10 07:35:12,119 : INFO : POST http://localhost:8008
2016-01-10 07:35:13,183 : INFO : POST http://localhost:8008
2016-01-10 07:35:14,463 : INFO : POST http://localhost:8008
2016-01-10 07:35:15,901 : INFO : De beschikbare Opslag is Opgevraagd door 'Administrator\n'2
2016-01-10 07:35:15,901 : INFO : Aanvraag uitgevoerd
2016-01-10 07:35:21,980 : INFO : Script is Gestart
2016-01-10 07:35:21,980 : INFO : POST http://localhost:8008
2016-01-10 07:35:23,058 : INFO : POST http://localhost:8008
2016-01-10 07:35:24,322 : INFO : POST http://localhost:8008
2016-01-10 07:35:25,683 : INFO : Het beschikbare RAM geheugen is opgevraagd
2016-01-10 07:35:25,698 : INFO : Aanvraag uitgevoerd
2016-01-10 07:35:30,355 : INFO : Script is Gestart
2016-01-10 07:35:30,355 : INFO : POST http://localhost:8008
2016-01-10 07:35:31,401 : INFO : POST http://localhost:8008
2016-01-10 07:35:32,698 : INFO : POST http://localhost:8008
2016-01-10 07:35:33,996 : INFO : De Ingelogde User is aangevraagd door 'Administrator\n'2
2016-01-10 07:35:33,996 : INFO : Aanvraag uitgevoerd
2016-01-10 07:37:03,526 : INFO : Script is Gestart
2016-01-10 07:37:03,542 : INFO : POST http://localhost:8008
2016-01-10 07:37:04,589 : INFO : POST http://localhost:8008
2016-01-10 07:37:05,871 : INFO : POST http://localhost:8008
2016-01-10 07:37:07,135 : INFO : De Ingelogde User is aangevraagd door 'Administrator\n'2
2016-01-10 07:37:07,135 : INFO : Aanvraag uitgevoerd
2016-01-10 07:37:11,839 : INFO : Script is Gestart
2016-01-10 07:37:11,855 : INFO : POST http://localhost:8008
2016-01-10 07:37:12,901 : INFO : POST http://localhost:8008
2016-01-10 07:37:14,167 : INFO : POST http://localhost:8008
2016-01-10 07:37:15,542 : INFO : Ip Adres is aanggevraagd door 'Administrator\n'2
2016-01-10 07:37:15,542 : INFO : Aanvraag uitgevoerd
2016-01-10 07:38:17,917 : INFO : Script is Gestart
2016-01-10 07:38:17,917 : INFO : POST http://localhost:8008
2016-01-10 07:38:18,964 : INFO : POST http://localhost:8008
2016-01-10 07:38:20,230 : INFO : POST http://localhost:8008
2016-01-10 07:38:21,589 : INFO : de Uptime is aangevraagd door 'Administrator\n'2
2016-01-10 07:38:21,605 : INFO : Aanvraag uitgevoerd
2016-01-10 09:19:38,456 : INFO : Script is Gestart
2016-01-10 09:19:38,471 : INFO : POST http://localhost:8008
2016-01-10 09:19:39,533 : INFO : POST http://localhost:8008
2016-01-10 09:19:41,799 : INFO : POST http://localhost:8008
2016-01-10 09:19:43,081 : INFO : De Ingelogde User is aangevraagd door 'Administrator\n'2
2016-01-10 09:19:43,081 : INFO : Aanvraag uitgevoerd
2016-01-10 09:19:46,690 : INFO : Script is Gestart
2016-01-10 09:19:46,690 : INFO : POST http://localhost:8008
2016-01-10 09:19:47,737 : INFO : POST http://localhost:8008
2016-01-10 09:19:49,017 : INFO : POST http://localhost:8008
2016-01-10 09:19:50,628 : INFO : Ip Adres is aanggevraagd door 'Administrator\n'2
2016-01-10 09:19:50,644 : INFO : Aanvraag uitgevoerd
2016-01-10 10:11:54,555 : INFO : Script is Gestart
2016-01-10 10:11:54,571 : INFO : POST http://localhost:8008
2016-01-10 10:11:56,634 : INFO : Er Kon door de gebruiker geen verbinding worden gemaakt
2016-01-10 10:12:02,930 : INFO : Script is Gestart
2016-01-10 10:12:02,930 : INFO : POST http://localhost:8008
2016-01-10 10:12:03,993 : INFO : POST http://localhost:8008
2016-01-10 10:12:05,868 : INFO : POST http://localhost:8008
2016-01-10 10:12:07,134 : INFO : De Ingelogde User is aangevraagd door 'Administrator\n'2
2016-01-10 10:12:07,150 : INFO : Aanvraag uitgevoerd
2016-01-11 01:27:36,691 : INFO : Script is Gestart
2016-01-11 01:27:36,707 : INFO : POST http://localhost:8008
2016-01-11 01:27:37,770 : INFO : POST http://localhost:8008
2016-01-11 01:27:40,176 : INFO : POST http://localhost:8008
2016-01-11 01:27:41,433 : INFO : De Ingelogde User is aangevraagd door 'Administrator\n'2
2016-01-11 01:27:41,443 : INFO : Aanvraag uitgevoerd
2016-01-11 01:28:17,618 : INFO : Script is Gestart
2016-01-11 01:28:17,618 : INFO : POST http://localhost:8008
2016-01-11 01:28:18,658 : INFO : POST http://localhost:8008
2016-01-11 01:28:19,927 : INFO : POST http://localhost:8008
2016-01-11 01:28:21,615 : INFO : Het beschikbare RAM geheugen is opgevraagd
2016-01-11 01:28:21,615 : INFO : Aanvraag uitgevoerd
2016-01-11 01:31:18,805 : INFO : Script is Gestart
2016-01-11 01:31:18,805 : INFO : POST http://localhost:8008
2016-01-11 01:31:19,838 : INFO : POST http://localhost:8008
2016-01-11 01:31:21,239 : INFO : POST http://localhost:8008
2016-01-11 01:31:22,582 : INFO : Aanvraag uitgevoerd
2016-01-11 01:32:00,963 : INFO : Script is Gestart
2016-01-11 01:32:00,963 : INFO : POST http://localhost:8008
2016-01-11 01:32:01,999 : INFO : POST http://localhost:8008
2016-01-11 01:32:03,358 : INFO : POST http://localhost:8008
2016-01-11 01:32:04,647 : INFO : Aanvraag uitgevoerd
2016-01-11 01:34:05,726 : INFO : Script is Gestart
2016-01-11 01:34:05,726 : INFO : POST http://localhost:8008
2016-01-11 01:34:06,765 : INFO : POST http://localhost:8008
2016-01-11 01:34:08,068 : INFO : POST http://localhost:8008
2016-01-11 01:34:09,349 : INFO : Aanvraag uitgevoerd
2016-01-11 01:38:00,740 : INFO : Script is Gestart
2016-01-11 01:38:00,740 : INFO : POST http://localhost:8008
2016-01-11 01:38:01,782 : INFO : POST http://localhost:8008
2016-01-11 01:38:03,125 : INFO : POST http://localhost:8008
2016-01-11 01:38:04,552 : INFO : Aanvraag uitgevoerd
2016-01-11 01:39:02,694 : INFO : Script is Gestart
2016-01-11 01:39:02,694 : INFO : POST http://localhost:8008
2016-01-11 01:39:03,749 : INFO : POST http://localhost:8008
2016-01-11 01:39:05,076 : INFO : POST http://localhost:8008
2016-01-11 01:39:06,405 : INFO : Het OS is opgevraagd door Administrator
 op agent 1
2016-01-11 01:39:06,405 : INFO : Aanvraag uitgevoerd
2016-01-11 01:42:00,069 : INFO : Script is Gestart
2016-01-11 01:42:00,069 : INFO : POST http://localhost:8008
2016-01-11 01:42:01,101 : INFO : POST http://localhost:8008
2016-01-11 01:42:02,413 : INFO : POST http://localhost:8008
2016-01-11 01:42:03,663 : INFO : De Ingelogde User is aangevraagd door Administrator
 op agent 1
2016-01-11 01:42:03,663 : INFO : Aanvraag uitgevoerd
2016-01-11 01:42:09,487 : INFO : Script is Gestart
2016-01-11 01:42:09,487 : INFO : POST http://localhost:8008
2016-01-11 01:42:10,519 : INFO : POST http://localhost:8008
2016-01-11 01:42:11,846 : INFO : POST http://localhost:8008
2016-01-11 01:42:13,237 : INFO : Het beschikbare RAM geheugen is aangegevraagd door Administrator
 op agent 1
2016-01-11 01:42:13,242 : INFO : Aanvraag uitgevoerd
2016-01-11 01:43:45,729 : INFO : Script is Gestart
2016-01-11 01:43:45,729 : INFO : POST http://localhost:8008
2016-01-11 01:43:46,769 : INFO : POST http://localhost:8008
2016-01-11 01:43:48,065 : INFO : POST http://localhost:8008
2016-01-11 01:43:49,538 : INFO : De beschikbare Opslag is Opgevraagd door 'Administrator\n'2 op agent 1
2016-01-11 01:43:49,569 : INFO : Aanvraag uitgevoerd
2016-01-11 01:45:22,210 : INFO : Script is Gestart
2016-01-11 01:45:22,210 : INFO : POST http://localhost:8008
2016-01-11 01:45:23,242 : INFO : POST http://localhost:8008
2016-01-11 01:45:24,538 : INFO : POST http://localhost:8008
2016-01-11 01:45:25,944 : INFO : Ip Adres is aanggevraagd door Administrator
 op agent 1
2016-01-11 01:45:25,944 : INFO : Aanvraag uitgevoerd
2016-01-11 01:49:24,884 : INFO : Script is Gestart
2016-01-11 01:49:24,900 : INFO : POST http://localhost:8008
2016-01-11 01:49:25,947 : INFO : POST http://localhost:8008
2016-01-11 01:49:27,181 : INFO : POST http://localhost:8008
2016-01-11 01:49:28,540 : INFO : de Uptime is aangevraagd door 'Administrator\n'2
2016-01-11 01:49:28,540 : INFO : Aanvraag uitgevoerd
2016-01-11 01:50:43,510 : INFO : Script is Gestart
2016-01-11 01:50:43,510 : INFO : POST http://localhost:8008
2016-01-11 01:50:44,555 : INFO : POST http://localhost:8008
2016-01-11 01:50:45,914 : INFO : POST http://localhost:8008
2016-01-11 01:50:47,305 : INFO : de Uptime is aangevraagd door Administrator
 op agent 1
2016-01-11 01:50:47,319 : INFO : Aanvraag uitgevoerd
